<?xml version="1.0" encoding="UTF-8"?>
<testsuite name="HelloWorldTest" tests="1" skipped="0" failures="0" errors="0" timestamp="2020-03-12T14:04:59" hostname="0ppa1Drag0n" time="0.017">
  <properties/>
  <testcase name="helloWorldTest" classname="HelloWorldTest" time="0.017"/>
  <system-out><![CDATA[]]></system-out>
  <system-err><![CDATA[]]></system-err>
</testsuite>
