<?xml version="1.0" encoding="UTF-8"?>
<testsuite name="RaindropsTest" tests="18" skipped="0" failures="0" errors="0" timestamp="2020-03-12T17:45:30" hostname="0ppa1Drag0n" time="0.021">
  <properties/>
  <testcase name="test[0: raindrops(1)=1]" classname="RaindropsTest" time="0.012"/>
  <testcase name="test[1: raindrops(3)=Pling]" classname="RaindropsTest" time="0.001"/>
  <testcase name="test[2: raindrops(5)=Plang]" classname="RaindropsTest" time="0.0"/>
  <testcase name="test[3: raindrops(7)=Plong]" classname="RaindropsTest" time="0.0"/>
  <testcase name="test[4: raindrops(6)=Pling]" classname="RaindropsTest" time="0.0"/>
  <testcase name="test[5: raindrops(8)=8]" classname="RaindropsTest" time="0.0"/>
  <testcase name="test[6: raindrops(9)=Pling]" classname="RaindropsTest" time="0.0"/>
  <testcase name="test[7: raindrops(10)=Plang]" classname="RaindropsTest" time="0.0"/>
  <testcase name="test[8: raindrops(14)=Plong]" classname="RaindropsTest" time="0.001"/>
  <testcase name="test[9: raindrops(15)=PlingPlang]" classname="RaindropsTest" time="0.0"/>
  <testcase name="test[10: raindrops(21)=PlingPlong]" classname="RaindropsTest" time="0.0"/>
  <testcase name="test[11: raindrops(25)=Plang]" classname="RaindropsTest" time="0.0"/>
  <testcase name="test[12: raindrops(27)=Pling]" classname="RaindropsTest" time="0.0"/>
  <testcase name="test[13: raindrops(35)=PlangPlong]" classname="RaindropsTest" time="0.001"/>
  <testcase name="test[14: raindrops(49)=Plong]" classname="RaindropsTest" time="0.0"/>
  <testcase name="test[15: raindrops(52)=52]" classname="RaindropsTest" time="0.001"/>
  <testcase name="test[16: raindrops(105)=PlingPlangPlong]" classname="RaindropsTest" time="0.0"/>
  <testcase name="test[17: raindrops(3,125)=Plang]" classname="RaindropsTest" time="0.0"/>
  <system-out><![CDATA[[1]
[1, 3]
[1, 5]
[1, 7]
[1, 2, 3, 6]
[1, 2, 4, 8]
[1, 3, 9]
[1, 2, 5, 10]
[1, 2, 7, 14]
[1, 3, 5, 15]
[1, 3, 7, 21]
[1, 5, 25]
[1, 3, 9, 27]
[1, 5, 7, 35]
[1, 7, 49]
[1, 2, 4, 13, 26, 52]
[1, 3, 5, 7, 15, 21, 35, 105]
[1, 5, 25, 125, 625, 3125]
]]></system-out>
  <system-err><![CDATA[]]></system-err>
</testsuite>
