<?xml version="1.0" encoding="UTF-8"?>
<testsuite name="RnaTranscriptionTest" tests="6" skipped="0" failures="0" errors="0" timestamp="2020-03-14T10:42:06" hostname="0ppa1Drag0n" time="0.031">
  <properties/>
  <testcase name="empty RNA" classname="RnaTranscriptionTest" time="0.025"/>
  <testcase name="RNA complement of guanine is cytosine" classname="RnaTranscriptionTest" time="0.0"/>
  <testcase name="RNA complement of thymine is adenine" classname="RnaTranscriptionTest" time="0.0"/>
  <testcase name="RNA complement of cytosine is guanine" classname="RnaTranscriptionTest" time="0.001"/>
  <testcase name="RNA complement of adenine is uracil" classname="RnaTranscriptionTest" time="0.001"/>
  <testcase name="compound RNA" classname="RnaTranscriptionTest" time="0.001"/>
  <system-out><![CDATA[]]></system-out>
  <system-err><![CDATA[]]></system-err>
</testsuite>
